[debug] [2021-09-29T00:44:44.436Z] ----------------------------------------------------------------------
[debug] [2021-09-29T00:44:44.439Z] Command:       /usr/local/bin/node /usr/local/bin/firebase emulators:start
[debug] [2021-09-29T00:44:44.440Z] CLI Version:   9.18.0
[debug] [2021-09-29T00:44:44.440Z] Platform:      darwin
[debug] [2021-09-29T00:44:44.440Z] Node Version:  v16.10.0
[debug] [2021-09-29T00:44:44.441Z] Time:          Tue Sep 28 2021 20:44:44 GMT-0400 (Eastern Daylight Time)
[debug] [2021-09-29T00:44:44.441Z] ----------------------------------------------------------------------
[debug] 
[debug] [2021-09-29T00:44:44.527Z] > command requires scopes: ["email","openid","https://www.googleapis.com/auth/cloudplatformprojects.readonly","https://www.googleapis.com/auth/firebase","https://www.googleapis.com/auth/cloud-platform"]
[debug] [2021-09-29T00:44:44.528Z] > authorizing via signed-in user (erichampton2010@gmail.com)
[info] i  emulators: Starting emulators: functions, hosting {"metadata":{"emulator":{"name":"hub"},"message":"Starting emulators: functions, hosting"}}
[debug] [2021-09-29T00:44:44.561Z] [hub] writing locator at /var/folders/h2/dyfpcyjd4gggxddg353mvg0r0000gn/T/hub-clone-bcf7e.json
[warn] ⚠  functions: The following emulators are not running, calls to these services from the Functions emulator will affect production: auth, firestore, database, pubsub, storage {"metadata":{"emulator":{"name":"functions"},"message":"The following emulators are not running, calls to these services from the Functions emulator will affect production: \u001b[1mauth, firestore, database, pubsub, storage\u001b[22m"}}
[warn] ⚠  Your requested "node" version "14" doesn't match your global version "16" {"metadata":{"emulator":{"name":"functions"},"message":"Your requested \"node\" version \"14\" doesn't match your global version \"16\""}}
[debug] [2021-09-29T00:44:44.612Z] defaultcredentials: writing to file /Users/jameshampton/.config/firebase/erichampton2010_gmail_com_application_default_credentials.json
[debug] [2021-09-29T00:44:44.621Z] Setting GAC to /Users/jameshampton/.config/firebase/erichampton2010_gmail_com_application_default_credentials.json {"metadata":{"emulator":{"name":"functions"},"message":"Setting GAC to /Users/jameshampton/.config/firebase/erichampton2010_gmail_com_application_default_credentials.json"}}
[debug] [2021-09-29T00:44:44.624Z] > refreshing access token with scopes: []
[debug] [2021-09-29T00:44:44.625Z] >>> HTTP REQUEST POST https://www.googleapis.com/oauth2/v3/token  
 <request body omitted>
[debug] [2021-09-29T00:44:44.749Z] <<< HTTP RESPONSE 200 {"pragma":"no-cache","date":"Wed, 29 Sep 2021 00:44:44 GMT","cache-control":"no-cache, no-store, max-age=0, must-revalidate","expires":"Mon, 01 Jan 1990 00:00:00 GMT","content-type":"application/json; charset=utf-8","vary":"X-Origin, Referer, Origin,Accept-Encoding","server":"scaffolding on HTTPServer2","x-xss-protection":"0","x-frame-options":"SAMEORIGIN","x-content-type-options":"nosniff","alt-svc":"h3=\":443\"; ma=2592000,h3-29=\":443\"; ma=2592000,h3-T051=\":443\"; ma=2592000,h3-Q050=\":443\"; ma=2592000,h3-Q046=\":443\"; ma=2592000,h3-Q043=\":443\"; ma=2592000,quic=\":443\"; ma=2592000; v=\"46,43\"","accept-ranges":"none","transfer-encoding":"chunked"}
[debug] [2021-09-29T00:44:44.887Z] >>> [apiv2][query] GET https://firebase.googleapis.com/v1beta1/projects/clone-bcf7e/adminSdkConfig [none]
[debug] [2021-09-29T00:44:45.113Z] <<< [apiv2][status] GET https://firebase.googleapis.com/v1beta1/projects/clone-bcf7e/adminSdkConfig 200
[debug] [2021-09-29T00:44:45.113Z] <<< [apiv2][body] GET https://firebase.googleapis.com/v1beta1/projects/clone-bcf7e/adminSdkConfig {"projectId":"clone-bcf7e","storageBucket":"clone-bcf7e.appspot.com","locationId":"us-east4"}
[debug] [2021-09-29T00:44:45.163Z] >>> [apiv2][query] GET https://firebasehosting.googleapis.com/v1beta1/projects/clone-bcf7e/sites 
[debug] [2021-09-29T00:44:45.502Z] <<< [apiv2][status] GET https://firebasehosting.googleapis.com/v1beta1/projects/clone-bcf7e/sites 200
[debug] [2021-09-29T00:44:45.502Z] <<< [apiv2][body] GET https://firebasehosting.googleapis.com/v1beta1/projects/clone-bcf7e/sites {"sites":[{"name":"projects/799698313328/sites/clone-bcf7e","defaultUrl":"https://clone-bcf7e.web.app","appId":"1:799698313328:web:23245fa481b74e6e9d14b5","type":"DEFAULT_SITE"}]}
[debug] [2021-09-29T00:44:45.502Z] >>> [apiv2][query] GET https://firebase.googleapis.com/v1beta1/projects/clone-bcf7e/webApps/1:799698313328:web:23245fa481b74e6e9d14b5/config [none]
[debug] [2021-09-29T00:44:46.020Z] <<< [apiv2][status] GET https://firebase.googleapis.com/v1beta1/projects/clone-bcf7e/webApps/1:799698313328:web:23245fa481b74e6e9d14b5/config 200
[debug] [2021-09-29T00:44:46.020Z] <<< [apiv2][body] GET https://firebase.googleapis.com/v1beta1/projects/clone-bcf7e/webApps/1:799698313328:web:23245fa481b74e6e9d14b5/config {"projectId":"clone-bcf7e","appId":"1:799698313328:web:23245fa481b74e6e9d14b5","storageBucket":"clone-bcf7e.appspot.com","locationId":"us-east4","apiKey":"AIzaSyC1uAhzhFy8ocEqGG0pX9RihfhxiYYHfYk","authDomain":"clone-bcf7e.firebaseapp.com","messagingSenderId":"799698313328","measurementId":"G-QPS9ESLZM6"}
[info] i  hosting: Serving hosting files from: build {"metadata":{"emulator":{"name":"hosting"},"message":"Serving hosting files from: \u001b[1mbuild\u001b[22m"}}
[info] ✔  hosting: Local server: http://localhost:5000 {"metadata":{"emulator":{"name":"hosting"},"message":"Local server: \u001b[4m\u001b[1mhttp://localhost:5000\u001b[22m\u001b[24m"}}
[debug] [2021-09-29T00:44:46.380Z] Ignoring unsupported arg: auto_download {"metadata":{"emulator":{"name":"ui"},"message":"Ignoring unsupported arg: auto_download"}}
[debug] [2021-09-29T00:44:46.381Z] Ignoring unsupported arg: port {"metadata":{"emulator":{"name":"ui"},"message":"Ignoring unsupported arg: port"}}
[debug] [2021-09-29T00:44:46.381Z] Starting Emulator UI with command {"binary":"node","args":["/Users/jameshampton/.cache/firebase/emulators/ui-v1.6.3/server.bundle.js"],"optionalArgs":[],"joinArgs":false} {"metadata":{"emulator":{"name":"ui"},"message":"Starting Emulator UI with command {\"binary\":\"node\",\"args\":[\"/Users/jameshampton/.cache/firebase/emulators/ui-v1.6.3/server.bundle.js\"],\"optionalArgs\":[],\"joinArgs\":false}"}}
[info] i  ui: Emulator UI logging to ui-debug.log {"metadata":{"emulator":{"name":"ui"},"message":"Emulator UI logging to \u001b[1mui-debug.log\u001b[22m"}}
[debug] [2021-09-29T00:44:46.539Z] Web / API server started at localhost:4000
 {"metadata":{"emulator":{"name":"ui"},"message":"Web / API server started at localhost:4000\n"}}
[info] i  functions: Watching "/Users/jameshampton/Projects/amazon-clone/functions" for Cloud Functions... {"metadata":{"emulator":{"name":"functions"},"message":"Watching \"/Users/jameshampton/Projects/amazon-clone/functions\" for Cloud Functions..."}}
[debug] [2021-09-29T00:44:46.664Z] [worker-pool] addWorker(~diagnostic~) {"metadata":{"emulator":{"name":"functions"},"message":"[worker-pool] addWorker(~diagnostic~)"}}
[debug] [2021-09-29T00:44:46.664Z] [worker-pool] Adding worker with key ~diagnostic~, total=1 {"metadata":{"emulator":{"name":"functions"},"message":"[worker-pool] Adding worker with key ~diagnostic~, total=1"}}
[debug] [2021-09-29T00:44:46.665Z] [worker-pool] submitWork(triggerId=) {"metadata":{"emulator":{"name":"functions"},"message":"[worker-pool] submitWork(triggerId=)"}}
[debug] [2021-09-29T00:44:46.665Z] [worker-~diagnostic~-c7339653-9f3c-4d8c-a344-ac05d386a3ab]: Assigning socketPath: /var/folders/h2/dyfpcyjd4gggxddg353mvg0r0000gn/T/fire_emu_73096.sock {"metadata":{"emulator":{"name":"functions"},"message":"[worker-~diagnostic~-c7339653-9f3c-4d8c-a344-ac05d386a3ab]: Assigning socketPath: /var/folders/h2/dyfpcyjd4gggxddg353mvg0r0000gn/T/fire_emu_73096.sock"}}
[debug] [2021-09-29T00:44:46.665Z] [worker-~diagnostic~-c7339653-9f3c-4d8c-a344-ac05d386a3ab]: BUSY {"metadata":{"emulator":{"name":"functions"},"message":"[worker-~diagnostic~-c7339653-9f3c-4d8c-a344-ac05d386a3ab]: BUSY"}}
[debug] [2021-09-29T00:44:47.231Z] [runtime-status] [73096] Functions runtime initialized. {"cwd":"/Users/jameshampton/Projects/amazon-clone/functions","node_version":"16.10.0"} {"metadata":{"emulator":{"name":"functions"},"message":"[runtime-status] [73096] Functions runtime initialized. {\"cwd\":\"/Users/jameshampton/Projects/amazon-clone/functions\",\"node_version\":\"16.10.0\"}"}}
[debug] [2021-09-29T00:44:47.235Z] [runtime-status] [73096] Disabled runtime features: undefined {"metadata":{"emulator":{"name":"functions"},"message":"[runtime-status] [73096] Disabled runtime features: undefined"}}
[debug] [2021-09-29T00:44:47.241Z] [runtime-status] [73096] Resolved module firebase-admin {"declared":true,"installed":true,"version":"9.11.1","resolution":"/Users/jameshampton/Projects/amazon-clone/functions/node_modules/firebase-admin/lib/index.js"} {"metadata":{"emulator":{"name":"functions"},"message":"[runtime-status] [73096] Resolved module firebase-admin {\"declared\":true,\"installed\":true,\"version\":\"9.11.1\",\"resolution\":\"/Users/jameshampton/Projects/amazon-clone/functions/node_modules/firebase-admin/lib/index.js\"}"}}
[debug] [2021-09-29T00:44:47.249Z] [runtime-status] [73096] Resolved module firebase-functions {"declared":true,"installed":true,"version":"3.15.7","resolution":"/Users/jameshampton/Projects/amazon-clone/functions/node_modules/firebase-functions/lib/index.js"} {"metadata":{"emulator":{"name":"functions"},"message":"[runtime-status] [73096] Resolved module firebase-functions {\"declared\":true,\"installed\":true,\"version\":\"3.15.7\",\"resolution\":\"/Users/jameshampton/Projects/amazon-clone/functions/node_modules/firebase-functions/lib/index.js\"}"}}
[debug] [2021-09-29T00:44:47.251Z] [runtime-status] [73096] Resolved module firebase-functions {"declared":true,"installed":true,"version":"3.15.7","resolution":"/Users/jameshampton/Projects/amazon-clone/functions/node_modules/firebase-functions/lib/index.js"} {"metadata":{"emulator":{"name":"functions"},"message":"[runtime-status] [73096] Resolved module firebase-functions {\"declared\":true,\"installed\":true,\"version\":\"3.15.7\",\"resolution\":\"/Users/jameshampton/Projects/amazon-clone/functions/node_modules/firebase-functions/lib/index.js\"}"}}
[debug] [2021-09-29T00:44:47.254Z] [runtime-status] [73096] Outgoing network have been stubbed. [{"name":"http","status":"mocked"},{"name":"http","status":"mocked"},{"name":"https","status":"mocked"},{"name":"https","status":"mocked"},{"name":"net","status":"mocked"}] {"metadata":{"emulator":{"name":"functions"},"message":"[runtime-status] [73096] Outgoing network have been stubbed. [{\"name\":\"http\",\"status\":\"mocked\"},{\"name\":\"http\",\"status\":\"mocked\"},{\"name\":\"https\",\"status\":\"mocked\"},{\"name\":\"https\",\"status\":\"mocked\"},{\"name\":\"net\",\"status\":\"mocked\"}]"}}
[debug] [2021-09-29T00:44:47.255Z] [runtime-status] [73096] Resolved module firebase-functions {"declared":true,"installed":true,"version":"3.15.7","resolution":"/Users/jameshampton/Projects/amazon-clone/functions/node_modules/firebase-functions/lib/index.js"} {"metadata":{"emulator":{"name":"functions"},"message":"[runtime-status] [73096] Resolved module firebase-functions {\"declared\":true,\"installed\":true,\"version\":\"3.15.7\",\"resolution\":\"/Users/jameshampton/Projects/amazon-clone/functions/node_modules/firebase-functions/lib/index.js\"}"}}
[debug] [2021-09-29T00:44:47.408Z] [runtime-status] [73096] Checked functions.config() {"config":{}} {"metadata":{"emulator":{"name":"functions"},"message":"[runtime-status] [73096] Checked functions.config() {\"config\":{}}"}}
[debug] [2021-09-29T00:44:47.409Z] [runtime-status] [73096] firebase-functions has been stubbed. {"functionsResolution":{"declared":true,"installed":true,"version":"3.15.7","resolution":"/Users/jameshampton/Projects/amazon-clone/functions/node_modules/firebase-functions/lib/index.js"}} {"metadata":{"emulator":{"name":"functions"},"message":"[runtime-status] [73096] firebase-functions has been stubbed. {\"functionsResolution\":{\"declared\":true,\"installed\":true,\"version\":\"3.15.7\",\"resolution\":\"/Users/jameshampton/Projects/amazon-clone/functions/node_modules/firebase-functions/lib/index.js\"}}"}}
[debug] [2021-09-29T00:44:47.411Z] [runtime-status] [73096] Resolved module firebase-functions {"declared":true,"installed":true,"version":"3.15.7","resolution":"/Users/jameshampton/Projects/amazon-clone/functions/node_modules/firebase-functions/lib/index.js"} {"metadata":{"emulator":{"name":"functions"},"message":"[runtime-status] [73096] Resolved module firebase-functions {\"declared\":true,\"installed\":true,\"version\":\"3.15.7\",\"resolution\":\"/Users/jameshampton/Projects/amazon-clone/functions/node_modules/firebase-functions/lib/index.js\"}"}}
[debug] [2021-09-29T00:44:47.412Z] [runtime-status] [73096] Resolved module firebase-admin {"declared":true,"installed":true,"version":"9.11.1","resolution":"/Users/jameshampton/Projects/amazon-clone/functions/node_modules/firebase-admin/lib/index.js"} {"metadata":{"emulator":{"name":"functions"},"message":"[runtime-status] [73096] Resolved module firebase-admin {\"declared\":true,\"installed\":true,\"version\":\"9.11.1\",\"resolution\":\"/Users/jameshampton/Projects/amazon-clone/functions/node_modules/firebase-admin/lib/index.js\"}"}}
[debug] [2021-09-29T00:44:47.413Z] [runtime-status] [73096] Resolved module firebase-functions {"declared":true,"installed":true,"version":"3.15.7","resolution":"/Users/jameshampton/Projects/amazon-clone/functions/node_modules/firebase-functions/lib/index.js"} {"metadata":{"emulator":{"name":"functions"},"message":"[runtime-status] [73096] Resolved module firebase-functions {\"declared\":true,\"installed\":true,\"version\":\"3.15.7\",\"resolution\":\"/Users/jameshampton/Projects/amazon-clone/functions/node_modules/firebase-functions/lib/index.js\"}"}}
[debug] [2021-09-29T00:44:47.414Z] [runtime-status] [73096] firebase-admin has been stubbed. {"adminResolution":{"declared":true,"installed":true,"version":"9.11.1","resolution":"/Users/jameshampton/Projects/amazon-clone/functions/node_modules/firebase-admin/lib/index.js"}} {"metadata":{"emulator":{"name":"functions"},"message":"[runtime-status] [73096] firebase-admin has been stubbed. {\"adminResolution\":{\"declared\":true,\"installed\":true,\"version\":\"9.11.1\",\"resolution\":\"/Users/jameshampton/Projects/amazon-clone/functions/node_modules/firebase-admin/lib/index.js\"}}"}}
[warn] ⚠  ReferenceError: express is not defined
    at Object.<anonymous> (/Users/jameshampton/Projects/amazon-clone/functions/index.js:8:13)
    at Module._compile (node:internal/modules/cjs/loader:1101:14)
    at Object.Module._extensions..js (node:internal/modules/cjs/loader:1153:10)
    at Module.load (node:internal/modules/cjs/loader:981:32)
    at Function.Module._load (node:internal/modules/cjs/loader:822:12)
    at Module.require (node:internal/modules/cjs/loader:1005:19)
    at require (node:internal/modules/cjs/helpers:102:18)
    at initializeRuntime (/usr/local/lib/node_modules/firebase-tools/lib/emulator/functionsEmulatorRuntime.js:715:29)
    at processTicksAndRejections (node:internal/process/task_queues:96:5)
    at async handleMessage (/usr/local/lib/node_modules/firebase-tools/lib/emulator/functionsEmulatorRuntime.js:759:20) {"metadata":{"emulator":{"name":"functions"},"message":"ReferenceError: express is not defined\n    at Object.<anonymous> (/Users/jameshampton/Projects/amazon-clone/functions/index.js:8:13)\n    at Module._compile (node:internal/modules/cjs/loader:1101:14)\n    at Object.Module._extensions..js (node:internal/modules/cjs/loader:1153:10)\n    at Module.load (node:internal/modules/cjs/loader:981:32)\n    at Function.Module._load (node:internal/modules/cjs/loader:822:12)\n    at Module.require (node:internal/modules/cjs/loader:1005:19)\n    at require (node:internal/modules/cjs/helpers:102:18)\n    at initializeRuntime (/usr/local/lib/node_modules/firebase-tools/lib/emulator/functionsEmulatorRuntime.js:715:29)\n    at processTicksAndRejections (node:internal/process/task_queues:96:5)\n    at async handleMessage (/usr/local/lib/node_modules/firebase-tools/lib/emulator/functionsEmulatorRuntime.js:759:20)"}}
[warn] ⚠  We were unable to load your functions code. (see above) {"metadata":{"emulator":{"name":"functions"}}}
[debug] [2021-09-29T00:44:49.592Z] [worker-~diagnostic~-c7339653-9f3c-4d8c-a344-ac05d386a3ab]: exited {"metadata":{"emulator":{"name":"functions"},"message":"[worker-~diagnostic~-c7339653-9f3c-4d8c-a344-ac05d386a3ab]: exited"}}
[debug] [2021-09-29T00:44:49.593Z] [worker-~diagnostic~-c7339653-9f3c-4d8c-a344-ac05d386a3ab]: FINISHED {"metadata":{"emulator":{"name":"functions"},"message":"[worker-~diagnostic~-c7339653-9f3c-4d8c-a344-ac05d386a3ab]: FINISHED"}}
[debug] [2021-09-29T00:45:41.776Z] File /Users/jameshampton/Projects/amazon-clone/functions/index.js changed, reloading triggers {"metadata":{"emulator":{"name":"functions"},"message":"File /Users/jameshampton/Projects/amazon-clone/functions/index.js changed, reloading triggers"}}
[debug] [2021-09-29T00:45:42.781Z] [worker-pool] Cleaned up workers for ~diagnostic~: 1 --> 0 {"metadata":{"emulator":{"name":"functions"},"message":"[worker-pool] Cleaned up workers for ~diagnostic~: 1 --> 0"}}
[debug] [2021-09-29T00:45:42.790Z] [worker-pool] addWorker(~diagnostic~) {"metadata":{"emulator":{"name":"functions"},"message":"[worker-pool] addWorker(~diagnostic~)"}}
[debug] [2021-09-29T00:45:42.791Z] [worker-pool] Adding worker with key ~diagnostic~, total=1 {"metadata":{"emulator":{"name":"functions"},"message":"[worker-pool] Adding worker with key ~diagnostic~, total=1"}}
[debug] [2021-09-29T00:45:42.791Z] [worker-pool] submitWork(triggerId=) {"metadata":{"emulator":{"name":"functions"},"message":"[worker-pool] submitWork(triggerId=)"}}
[debug] [2021-09-29T00:45:42.792Z] [worker-~diagnostic~-c9c3b163-58db-4fab-a2f0-f7e431f11827]: Assigning socketPath: /var/folders/h2/dyfpcyjd4gggxddg353mvg0r0000gn/T/fire_emu_73176.sock {"metadata":{"emulator":{"name":"functions"},"message":"[worker-~diagnostic~-c9c3b163-58db-4fab-a2f0-f7e431f11827]: Assigning socketPath: /var/folders/h2/dyfpcyjd4gggxddg353mvg0r0000gn/T/fire_emu_73176.sock"}}
[debug] [2021-09-29T00:45:42.792Z] [worker-~diagnostic~-c9c3b163-58db-4fab-a2f0-f7e431f11827]: BUSY {"metadata":{"emulator":{"name":"functions"},"message":"[worker-~diagnostic~-c9c3b163-58db-4fab-a2f0-f7e431f11827]: BUSY"}}
[debug] [2021-09-29T00:45:43.482Z] [runtime-status] [73176] Functions runtime initialized. {"cwd":"/Users/jameshampton/Projects/amazon-clone/functions","node_version":"16.10.0"} {"metadata":{"emulator":{"name":"functions"},"message":"[runtime-status] [73176] Functions runtime initialized. {\"cwd\":\"/Users/jameshampton/Projects/amazon-clone/functions\",\"node_version\":\"16.10.0\"}"}}
[debug] [2021-09-29T00:45:43.488Z] [runtime-status] [73176] Disabled runtime features: undefined {"metadata":{"emulator":{"name":"functions"},"message":"[runtime-status] [73176] Disabled runtime features: undefined"}}
[debug] [2021-09-29T00:45:43.491Z] [runtime-status] [73176] Resolved module firebase-admin {"declared":true,"installed":true,"version":"9.11.1","resolution":"/Users/jameshampton/Projects/amazon-clone/functions/node_modules/firebase-admin/lib/index.js"} {"metadata":{"emulator":{"name":"functions"},"message":"[runtime-status] [73176] Resolved module firebase-admin {\"declared\":true,\"installed\":true,\"version\":\"9.11.1\",\"resolution\":\"/Users/jameshampton/Projects/amazon-clone/functions/node_modules/firebase-admin/lib/index.js\"}"}}
[debug] [2021-09-29T00:45:43.496Z] [runtime-status] [73176] Resolved module firebase-functions {"declared":true,"installed":true,"version":"3.15.7","resolution":"/Users/jameshampton/Projects/amazon-clone/functions/node_modules/firebase-functions/lib/index.js"} {"metadata":{"emulator":{"name":"functions"},"message":"[runtime-status] [73176] Resolved module firebase-functions {\"declared\":true,\"installed\":true,\"version\":\"3.15.7\",\"resolution\":\"/Users/jameshampton/Projects/amazon-clone/functions/node_modules/firebase-functions/lib/index.js\"}"}}
[debug] [2021-09-29T00:45:43.498Z] [runtime-status] [73176] Resolved module firebase-functions {"declared":true,"installed":true,"version":"3.15.7","resolution":"/Users/jameshampton/Projects/amazon-clone/functions/node_modules/firebase-functions/lib/index.js"} {"metadata":{"emulator":{"name":"functions"},"message":"[runtime-status] [73176] Resolved module firebase-functions {\"declared\":true,\"installed\":true,\"version\":\"3.15.7\",\"resolution\":\"/Users/jameshampton/Projects/amazon-clone/functions/node_modules/firebase-functions/lib/index.js\"}"}}
[debug] [2021-09-29T00:45:43.501Z] [runtime-status] [73176] Outgoing network have been stubbed. [{"name":"http","status":"mocked"},{"name":"http","status":"mocked"},{"name":"https","status":"mocked"},{"name":"https","status":"mocked"},{"name":"net","status":"mocked"}] {"metadata":{"emulator":{"name":"functions"},"message":"[runtime-status] [73176] Outgoing network have been stubbed. [{\"name\":\"http\",\"status\":\"mocked\"},{\"name\":\"http\",\"status\":\"mocked\"},{\"name\":\"https\",\"status\":\"mocked\"},{\"name\":\"https\",\"status\":\"mocked\"},{\"name\":\"net\",\"status\":\"mocked\"}]"}}
[debug] [2021-09-29T00:45:43.502Z] [runtime-status] [73176] Resolved module firebase-functions {"declared":true,"installed":true,"version":"3.15.7","resolution":"/Users/jameshampton/Projects/amazon-clone/functions/node_modules/firebase-functions/lib/index.js"} {"metadata":{"emulator":{"name":"functions"},"message":"[runtime-status] [73176] Resolved module firebase-functions {\"declared\":true,\"installed\":true,\"version\":\"3.15.7\",\"resolution\":\"/Users/jameshampton/Projects/amazon-clone/functions/node_modules/firebase-functions/lib/index.js\"}"}}
[debug] [2021-09-29T00:45:43.599Z] [runtime-status] [73176] Checked functions.config() {"config":{}} {"metadata":{"emulator":{"name":"functions"},"message":"[runtime-status] [73176] Checked functions.config() {\"config\":{}}"}}
[debug] [2021-09-29T00:45:43.599Z] [runtime-status] [73176] firebase-functions has been stubbed. {"functionsResolution":{"declared":true,"installed":true,"version":"3.15.7","resolution":"/Users/jameshampton/Projects/amazon-clone/functions/node_modules/firebase-functions/lib/index.js"}} {"metadata":{"emulator":{"name":"functions"},"message":"[runtime-status] [73176] firebase-functions has been stubbed. {\"functionsResolution\":{\"declared\":true,\"installed\":true,\"version\":\"3.15.7\",\"resolution\":\"/Users/jameshampton/Projects/amazon-clone/functions/node_modules/firebase-functions/lib/index.js\"}}"}}
[debug] [2021-09-29T00:45:43.599Z] [runtime-status] [73176] Resolved module firebase-functions {"declared":true,"installed":true,"version":"3.15.7","resolution":"/Users/jameshampton/Projects/amazon-clone/functions/node_modules/firebase-functions/lib/index.js"} {"metadata":{"emulator":{"name":"functions"},"message":"[runtime-status] [73176] Resolved module firebase-functions {\"declared\":true,\"installed\":true,\"version\":\"3.15.7\",\"resolution\":\"/Users/jameshampton/Projects/amazon-clone/functions/node_modules/firebase-functions/lib/index.js\"}"}}
[debug] [2021-09-29T00:45:43.600Z] [runtime-status] [73176] Resolved module firebase-admin {"declared":true,"installed":true,"version":"9.11.1","resolution":"/Users/jameshampton/Projects/amazon-clone/functions/node_modules/firebase-admin/lib/index.js"} {"metadata":{"emulator":{"name":"functions"},"message":"[runtime-status] [73176] Resolved module firebase-admin {\"declared\":true,\"installed\":true,\"version\":\"9.11.1\",\"resolution\":\"/Users/jameshampton/Projects/amazon-clone/functions/node_modules/firebase-admin/lib/index.js\"}"}}
[debug] [2021-09-29T00:45:43.600Z] [runtime-status] [73176] Resolved module firebase-functions {"declared":true,"installed":true,"version":"3.15.7","resolution":"/Users/jameshampton/Projects/amazon-clone/functions/node_modules/firebase-functions/lib/index.js"} {"metadata":{"emulator":{"name":"functions"},"message":"[runtime-status] [73176] Resolved module firebase-functions {\"declared\":true,\"installed\":true,\"version\":\"3.15.7\",\"resolution\":\"/Users/jameshampton/Projects/amazon-clone/functions/node_modules/firebase-functions/lib/index.js\"}"}}
[debug] [2021-09-29T00:45:43.601Z] [runtime-status] [73176] firebase-admin has been stubbed. {"adminResolution":{"declared":true,"installed":true,"version":"9.11.1","resolution":"/Users/jameshampton/Projects/amazon-clone/functions/node_modules/firebase-admin/lib/index.js"}} {"metadata":{"emulator":{"name":"functions"},"message":"[runtime-status] [73176] firebase-admin has been stubbed. {\"adminResolution\":{\"declared\":true,\"installed\":true,\"version\":\"9.11.1\",\"resolution\":\"/Users/jameshampton/Projects/amazon-clone/functions/node_modules/firebase-admin/lib/index.js\"}}"}}
[warn] ⚠  ReferenceError: express is not defined
    at Object.<anonymous> (/Users/jameshampton/Projects/amazon-clone/functions/index.js:8:13)
    at Module._compile (node:internal/modules/cjs/loader:1101:14)
    at Object.Module._extensions..js (node:internal/modules/cjs/loader:1153:10)
    at Module.load (node:internal/modules/cjs/loader:981:32)
    at Function.Module._load (node:internal/modules/cjs/loader:822:12)
    at Module.require (node:internal/modules/cjs/loader:1005:19)
    at require (node:internal/modules/cjs/helpers:102:18)
    at initializeRuntime (/usr/local/lib/node_modules/firebase-tools/lib/emulator/functionsEmulatorRuntime.js:715:29)
    at processTicksAndRejections (node:internal/process/task_queues:96:5)
    at async handleMessage (/usr/local/lib/node_modules/firebase-tools/lib/emulator/functionsEmulatorRuntime.js:759:20) {"metadata":{"emulator":{"name":"functions"},"message":"ReferenceError: express is not defined\n    at Object.<anonymous> (/Users/jameshampton/Projects/amazon-clone/functions/index.js:8:13)\n    at Module._compile (node:internal/modules/cjs/loader:1101:14)\n    at Object.Module._extensions..js (node:internal/modules/cjs/loader:1153:10)\n    at Module.load (node:internal/modules/cjs/loader:981:32)\n    at Function.Module._load (node:internal/modules/cjs/loader:822:12)\n    at Module.require (node:internal/modules/cjs/loader:1005:19)\n    at require (node:internal/modules/cjs/helpers:102:18)\n    at initializeRuntime (/usr/local/lib/node_modules/firebase-tools/lib/emulator/functionsEmulatorRuntime.js:715:29)\n    at processTicksAndRejections (node:internal/process/task_queues:96:5)\n    at async handleMessage (/usr/local/lib/node_modules/firebase-tools/lib/emulator/functionsEmulatorRuntime.js:759:20)"}}
[warn] ⚠  We were unable to load your functions code. (see above) {"metadata":{"emulator":{"name":"functions"}}}
[debug] [2021-09-29T00:45:44.995Z] [worker-~diagnostic~-c9c3b163-58db-4fab-a2f0-f7e431f11827]: exited {"metadata":{"emulator":{"name":"functions"},"message":"[worker-~diagnostic~-c9c3b163-58db-4fab-a2f0-f7e431f11827]: exited"}}
[debug] [2021-09-29T00:45:44.995Z] [worker-~diagnostic~-c9c3b163-58db-4fab-a2f0-f7e431f11827]: FINISHED {"metadata":{"emulator":{"name":"functions"},"message":"[worker-~diagnostic~-c9c3b163-58db-4fab-a2f0-f7e431f11827]: FINISHED"}}
[debug] [2021-09-29T00:48:15.963Z] [work-queue] {"queueLength":1,"workRunningCount":0}
[debug] [2021-09-29T00:48:15.964Z] [work-queue] {"queueLength":0,"workRunningCount":1}
[debug] [2021-09-29T00:48:15.965Z] [work-queue] {"queueLength":0,"workRunningCount":0}
